<?xml version="1.0" encoding="UTF-8"?>
<robot generator="Robot 3.1.2 (Python 3.8.1 on darwin)" generated="20201028 22:04:19.300" rpa="false">
<suite id="s1" name="Headers Params Auth" source="/Users/fcarlossbr.ibm.com/PycharmProjects/UNISAL/APIadvanced/headers_params_auth.robot">
<test id="s1-t1" name="Lista Issues">
<kw name="Conectar na API do GitHub sem autenticação">
<kw name="Create Session" library="RequestsLibrary">
<doc>Create Session: create a HTTP session to a server</doc>
<arguments>
<arg>alias=mygithub</arg>
<arg>url=${GITHUB_HOST}</arg>
<arg>disable_warnings=True</arg>
</arguments>
<msg timestamp="20201028 22:04:19.518" level="INFO">Creating Session using : alias=mygithub, url=https://api.github.com, headers={},                     cookies={}, auth=None, timeout=None, proxies=None, verify=False,                     debug=0 </msg>
<status status="PASS" starttime="20201028 22:04:19.517" endtime="20201028 22:04:19.518"></status>
</kw>
<status status="PASS" starttime="20201028 22:04:19.514" endtime="20201028 22:04:19.519"></status>
</kw>
<kw name="GET title de issues state &quot;open&quot; e com o label &quot;bug&quot;">
<kw name="Create Dictionary" library="BuiltIn">
<doc>Creates and returns a dictionary based on the given ``items``.</doc>
<arguments>
<arg>state=${STATE}</arg>
<arg>labels=${LABEL}</arg>
</arguments>
<assign>
<var>&amp;{PARAMS}</var>
</assign>
<msg timestamp="20201028 22:04:19.522" level="INFO">&amp;{PARAMS} = { state=open | labels=bug }</msg>
<status status="PASS" starttime="20201028 22:04:19.521" endtime="20201028 22:04:19.522"></status>
</kw>
<kw name="Get Request" library="RequestsLibrary">
<doc>Send a GET request on the session object found using the
given `alias`</doc>
<arguments>
<arg>alias=mygithub</arg>
<arg>uri=${ISSUES_URI}</arg>
<arg>params=${PARAMS}</arg>
</arguments>
<assign>
<var>${MY_ISSUES}</var>
</assign>
<msg timestamp="20201028 22:04:19.524" level="INFO">GET Request using : uri=/repos/franciscounisalcps/robotframeworkcourse/issues, params={'state': 'open', 'labels': 'bug'}, allow_redirects=True, timeout=None
headers={'User-Agent': 'python-requests/2.22.0', 'Accept-Encoding': 'gzip, deflate', 'Accept': '*/*', 'Connection': 'keep-alive'} 
data=None 
json=None</msg>
<msg timestamp="20201028 22:04:21.078" level="INFO">${MY_ISSUES} = &lt;Response [200]&gt;</msg>
<status status="PASS" starttime="20201028 22:04:19.522" endtime="20201028 22:04:21.078"></status>
</kw>
<kw name="Log" library="BuiltIn">
<doc>Logs the given message with the given level.</doc>
<arguments>
<arg>Lista de Issues: ${MY_ISSUES.json()}</arg>
</arguments>
<msg timestamp="20201028 22:04:21.080" level="INFO">Lista de Issues: [{'url': 'https://api.github.com/repos/franciscounisalcps/robotframeworkcourse/issues/4', 'repository_url': 'https://api.github.com/repos/franciscounisalcps/robotframeworkcourse', 'labels_url': 'https://api.github.com/repos/franciscounisalcps/robotframeworkcourse/issues/4/labels{/name}', 'comments_url': 'https://api.github.com/repos/franciscounisalcps/robotframeworkcourse/issues/4/comments', 'events_url': 'https://api.github.com/repos/franciscounisalcps/robotframeworkcourse/issues/4/events', 'html_url': 'https://github.com/franciscounisalcps/robotframeworkcourse/issues/4', 'id': 731899794, 'node_id': 'MDU6SXNzdWU3MzE4OTk3OTQ=', 'number': 4, 'title': 'defect4', 'user': {'login': 'franciscounisalcps', 'id': 73240915, 'node_id': 'MDQ6VXNlcjczMjQwOTE1', 'avatar_url': 'https://avatars1.githubusercontent.com/u/73240915?v=4', 'gravatar_id': '', 'url': 'https://api.github.com/users/franciscounisalcps', 'html_url': 'https://github.com/franciscounisalcps', 'followers_url': 'https://api.github.com/users/franciscounisalcps/followers', 'following_url': 'https://api.github.com/users/franciscounisalcps/following{/other_user}', 'gists_url': 'https://api.github.com/users/franciscounisalcps/gists{/gist_id}', 'starred_url': 'https://api.github.com/users/franciscounisalcps/starred{/owner}{/repo}', 'subscriptions_url': 'https://api.github.com/users/franciscounisalcps/subscriptions', 'organizations_url': 'https://api.github.com/users/franciscounisalcps/orgs', 'repos_url': 'https://api.github.com/users/franciscounisalcps/repos', 'events_url': 'https://api.github.com/users/franciscounisalcps/events{/privacy}', 'received_events_url': 'https://api.github.com/users/franciscounisalcps/received_events', 'type': 'User', 'site_admin': False}, 'labels': [{'id': 2443989992, 'node_id': 'MDU6TGFiZWwyNDQzOTg5OTky', 'url': 'https://api.github.com/repos/franciscounisalcps/robotframeworkcourse/labels/bug', 'name': 'bug', 'color': 'd73a4a', 'default': True, 'description': "Something isn't working"}, {'id': 2443989995, 'node_id': 'MDU6TGFiZWwyNDQzOTg5OTk1', 'url': 'https://api.github.com/repos/franciscounisalcps/robotframeworkcourse/labels/enhancement', 'name': 'enhancement', 'color': 'a2eeef', 'default': True, 'description': 'New feature or request'}], 'state': 'open', 'locked': False, 'assignee': None, 'assignees': [], 'milestone': None, 'comments': 0, 'created_at': '2020-10-29T00:22:07Z', 'updated_at': '2020-10-29T00:22:07Z', 'closed_at': None, 'author_association': 'OWNER', 'active_lock_reason': None, 'body': 'defect4', 'performed_via_github_app': None}, {'url': 'https://api.github.com/repos/franciscounisalcps/robotframeworkcourse/issues/3', 'repository_url': 'https://api.github.com/repos/franciscounisalcps/robotframeworkcourse', 'labels_url': 'https://api.github.com/repos/franciscounisalcps/robotframeworkcourse/issues/3/labels{/name}', 'comments_url': 'https://api.github.com/repos/franciscounisalcps/robotframeworkcourse/issues/3/comments', 'events_url': 'https://api.github.com/repos/franciscounisalcps/robotframeworkcourse/issues/3/events', 'html_url': 'https://github.com/franciscounisalcps/robotframeworkcourse/issues/3', 'id': 731831732, 'node_id': 'MDU6SXNzdWU3MzE4MzE3MzI=', 'number': 3, 'title': 'defect3', 'user': {'login': 'franciscounisalcps', 'id': 73240915, 'node_id': 'MDQ6VXNlcjczMjQwOTE1', 'avatar_url': 'https://avatars1.githubusercontent.com/u/73240915?v=4', 'gravatar_id': '', 'url': 'https://api.github.com/users/franciscounisalcps', 'html_url': 'https://github.com/franciscounisalcps', 'followers_url': 'https://api.github.com/users/franciscounisalcps/followers', 'following_url': 'https://api.github.com/users/franciscounisalcps/following{/other_user}', 'gists_url': 'https://api.github.com/users/franciscounisalcps/gists{/gist_id}', 'starred_url': 'https://api.github.com/users/franciscounisalcps/starred{/owner}{/repo}', 'subscriptions_url': 'https://api.github.com/users/franciscounisalcps/subscriptions', 'organizations_url': 'https://api.github.com/users/franciscounisalcps/orgs', 'repos_url': 'https://api.github.com/users/franciscounisalcps/repos', 'events_url': 'https://api.github.com/users/franciscounisalcps/events{/privacy}', 'received_events_url': 'https://api.github.com/users/franciscounisalcps/received_events', 'type': 'User', 'site_admin': False}, 'labels': [{'id': 2443989992, 'node_id': 'MDU6TGFiZWwyNDQzOTg5OTky', 'url': 'https://api.github.com/repos/franciscounisalcps/robotframeworkcourse/labels/bug', 'name': 'bug', 'color': 'd73a4a', 'default': True, 'description': "Something isn't working"}, {'id': 2443989993, 'node_id': 'MDU6TGFiZWwyNDQzOTg5OTkz', 'url': 'https://api.github.com/repos/franciscounisalcps/robotframeworkcourse/labels/documentation', 'name': 'documentation', 'color': '0075ca', 'default': True, 'description': 'Improvements or additions to documentation'}], 'state': 'open', 'locked': False, 'assignee': None, 'assignees': [], 'milestone': None, 'comments': 0, 'created_at': '2020-10-28T22:25:03Z', 'updated_at': '2020-10-28T22:25:03Z', 'closed_at': None, 'author_association': 'OWNER', 'active_lock_reason': None, 'body': 'defect3', 'performed_via_github_app': None}, {'url': 'https://api.github.com/repos/franciscounisalcps/robotframeworkcourse/issues/2', 'repository_url': 'https://api.github.com/repos/franciscounisalcps/robotframeworkcourse', 'labels_url': 'https://api.github.com/repos/franciscounisalcps/robotframeworkcourse/issues/2/labels{/name}', 'comments_url': 'https://api.github.com/repos/franciscounisalcps/robotframeworkcourse/issues/2/comments', 'events_url': 'https://api.github.com/repos/franciscounisalcps/robotframeworkcourse/issues/2/events', 'html_url': 'https://github.com/franciscounisalcps/robotframeworkcourse/issues/2', 'id': 726955013, 'node_id': 'MDU6SXNzdWU3MjY5NTUwMTM=', 'number': 2, 'title': 'defect2', 'user': {'login': 'franciscounisalcps', 'id': 73240915, 'node_id': 'MDQ6VXNlcjczMjQwOTE1', 'avatar_url': 'https://avatars1.githubusercontent.com/u/73240915?v=4', 'gravatar_id': '', 'url': 'https://api.github.com/users/franciscounisalcps', 'html_url': 'https://github.com/franciscounisalcps', 'followers_url': 'https://api.github.com/users/franciscounisalcps/followers', 'following_url': 'https://api.github.com/users/franciscounisalcps/following{/other_user}', 'gists_url': 'https://api.github.com/users/franciscounisalcps/gists{/gist_id}', 'starred_url': 'https://api.github.com/users/franciscounisalcps/starred{/owner}{/repo}', 'subscriptions_url': 'https://api.github.com/users/franciscounisalcps/subscriptions', 'organizations_url': 'https://api.github.com/users/franciscounisalcps/orgs', 'repos_url': 'https://api.github.com/users/franciscounisalcps/repos', 'events_url': 'https://api.github.com/users/franciscounisalcps/events{/privacy}', 'received_events_url': 'https://api.github.com/users/franciscounisalcps/received_events', 'type': 'User', 'site_admin': False}, 'labels': [{'id': 2443989992, 'node_id': 'MDU6TGFiZWwyNDQzOTg5OTky', 'url': 'https://api.github.com/repos/franciscounisalcps/robotframeworkcourse/labels/bug', 'name': 'bug', 'color': 'd73a4a', 'default': True, 'description': "Something isn't working"}], 'state': 'open', 'locked': False, 'assignee': None, 'assignees': [], 'milestone': None, 'comments': 0, 'created_at': '2020-10-22T00:39:06Z', 'updated_at': '2020-10-22T00:39:06Z', 'closed_at': None, 'author_association': 'OWNER', 'active_lock_reason': None, 'body': 'defect2 desc', 'performed_via_github_app': None}, {'url': 'https://api.github.com/repos/franciscounisalcps/robotframeworkcourse/issues/1', 'repository_url': 'https://api.github.com/repos/franciscounisalcps/robotframeworkcourse', 'labels_url': 'https://api.github.com/repos/franciscounisalcps/robotframeworkcourse/issues/1/labels{/name}', 'comments_url': 'https://api.github.com/repos/franciscounisalcps/robotframeworkcourse/issues/1/comments', 'events_url': 'https://api.github.com/repos/franciscounisalcps/robotframeworkcourse/issues/1/events', 'html_url': 'https://github.com/franciscounisalcps/robotframeworkcourse/issues/1', 'id': 726831989, 'node_id': 'MDU6SXNzdWU3MjY4MzE5ODk=', 'number': 1, 'title': 'defect1', 'user': {'login': 'franciscounisalcps', 'id': 73240915, 'node_id': 'MDQ6VXNlcjczMjQwOTE1', 'avatar_url': 'https://avatars1.githubusercontent.com/u/73240915?v=4', 'gravatar_id': '', 'url': 'https://api.github.com/users/franciscounisalcps', 'html_url': 'https://github.com/franciscounisalcps', 'followers_url': 'https://api.github.com/users/franciscounisalcps/followers', 'following_url': 'https://api.github.com/users/franciscounisalcps/following{/other_user}', 'gists_url': 'https://api.github.com/users/franciscounisalcps/gists{/gist_id}', 'starred_url': 'https://api.github.com/users/franciscounisalcps/starred{/owner}{/repo}', 'subscriptions_url': 'https://api.github.com/users/franciscounisalcps/subscriptions', 'organizations_url': 'https://api.github.com/users/franciscounisalcps/orgs', 'repos_url': 'https://api.github.com/users/franciscounisalcps/repos', 'events_url': 'https://api.github.com/users/franciscounisalcps/events{/privacy}', 'received_events_url': 'https://api.github.com/users/franciscounisalcps/received_events', 'type': 'User', 'site_admin': False}, 'labels': [{'id': 2443989992, 'node_id': 'MDU6TGFiZWwyNDQzOTg5OTky', 'url': 'https://api.github.com/repos/franciscounisalcps/robotframeworkcourse/labels/bug', 'name': 'bug', 'color': 'd73a4a', 'default': True, 'description': "Something isn't working"}], 'state': 'open', 'locked': False, 'assignee': None, 'assignees': [], 'milestone': None, 'comments': 0, 'created_at': '2020-10-21T20:14:33Z', 'updated_at': '2020-10-21T20:14:33Z', 'closed_at': None, 'author_association': 'OWNER', 'active_lock_reason': None, 'body': 'connection refused', 'performed_via_github_app': None}]</msg>
<status status="PASS" starttime="20201028 22:04:21.078" endtime="20201028 22:04:21.080"></status>
</kw>
<kw name="To Json" library="RequestsLibrary">
<doc>Convert a string to a JSON object</doc>
<arguments>
<arg>${MY_ISSUES.content}</arg>
</arguments>
<assign>
<var>${ISSUES}</var>
</assign>
<msg timestamp="20201028 22:04:21.081" level="INFO">To JSON using : content=[{"url":"https://api.github.com/repos/franciscounisalcps/robotframeworkcourse/issues/4","repository_url":"https://api.github.com/repos/franciscounisalcps/robotframeworkcourse","labels_url":"https://api.github.com/repos/franciscounisalcps/robotframeworkcourse/issues/4/labels{/name}","comments_url":"https://api.github.com/repos/franciscounisalcps/robotframeworkcourse/issues/4/comments","events_url":"https://api.github.com/repos/franciscounisalcps/robotframeworkcourse/issues/4/events","html_url":"https://github.com/franciscounisalcps/robotframeworkcourse/issues/4","id":731899794,"node_id":"MDU6SXNzdWU3MzE4OTk3OTQ=","number":4,"title":"defect4","user":{"login":"franciscounisalcps","id":73240915,"node_id":"MDQ6VXNlcjczMjQwOTE1","avatar_url":"https://avatars1.githubusercontent.com/u/73240915?v=4","gravatar_id":"","url":"https://api.github.com/users/franciscounisalcps","html_url":"https://github.com/franciscounisalcps","followers_url":"https://api.github.com/users/franciscounisalcps/followers","following_url":"https://api.github.com/users/franciscounisalcps/following{/other_user}","gists_url":"https://api.github.com/users/franciscounisalcps/gists{/gist_id}","starred_url":"https://api.github.com/users/franciscounisalcps/starred{/owner}{/repo}","subscriptions_url":"https://api.github.com/users/franciscounisalcps/subscriptions","organizations_url":"https://api.github.com/users/franciscounisalcps/orgs","repos_url":"https://api.github.com/users/franciscounisalcps/repos","events_url":"https://api.github.com/users/franciscounisalcps/events{/privacy}","received_events_url":"https://api.github.com/users/franciscounisalcps/received_events","type":"User","site_admin":false},"labels":[{"id":2443989992,"node_id":"MDU6TGFiZWwyNDQzOTg5OTky","url":"https://api.github.com/repos/franciscounisalcps/robotframeworkcourse/labels/bug","name":"bug","color":"d73a4a","default":true,"description":"Something isn't working"},{"id":2443989995,"node_id":"MDU6TGFiZWwyNDQzOTg5OTk1","url":"https://api.github.com/repos/franciscounisalcps/robotframeworkcourse/labels/enhancement","name":"enhancement","color":"a2eeef","default":true,"description":"New feature or request"}],"state":"open","locked":false,"assignee":null,"assignees":[],"milestone":null,"comments":0,"created_at":"2020-10-29T00:22:07Z","updated_at":"2020-10-29T00:22:07Z","closed_at":null,"author_association":"OWNER","active_lock_reason":null,"body":"defect4","performed_via_github_app":null},{"url":"https://api.github.com/repos/franciscounisalcps/robotframeworkcourse/issues/3","repository_url":"https://api.github.com/repos/franciscounisalcps/robotframeworkcourse","labels_url":"https://api.github.com/repos/franciscounisalcps/robotframeworkcourse/issues/3/labels{/name}","comments_url":"https://api.github.com/repos/franciscounisalcps/robotframeworkcourse/issues/3/comments","events_url":"https://api.github.com/repos/franciscounisalcps/robotframeworkcourse/issues/3/events","html_url":"https://github.com/franciscounisalcps/robotframeworkcourse/issues/3","id":731831732,"node_id":"MDU6SXNzdWU3MzE4MzE3MzI=","number":3,"title":"defect3","user":{"login":"franciscounisalcps","id":73240915,"node_id":"MDQ6VXNlcjczMjQwOTE1","avatar_url":"https://avatars1.githubusercontent.com/u/73240915?v=4","gravatar_id":"","url":"https://api.github.com/users/franciscounisalcps","html_url":"https://github.com/franciscounisalcps","followers_url":"https://api.github.com/users/franciscounisalcps/followers","following_url":"https://api.github.com/users/franciscounisalcps/following{/other_user}","gists_url":"https://api.github.com/users/franciscounisalcps/gists{/gist_id}","starred_url":"https://api.github.com/users/franciscounisalcps/starred{/owner}{/repo}","subscriptions_url":"https://api.github.com/users/franciscounisalcps/subscriptions","organizations_url":"https://api.github.com/users/franciscounisalcps/orgs","repos_url":"https://api.github.com/users/franciscounisalcps/repos","events_url":"https://api.github.com/users/franciscounisalcps/events{/privacy}","received_events_url":"https://api.github.com/users/franciscounisalcps/received_events","type":"User","site_admin":false},"labels":[{"id":2443989992,"node_id":"MDU6TGFiZWwyNDQzOTg5OTky","url":"https://api.github.com/repos/franciscounisalcps/robotframeworkcourse/labels/bug","name":"bug","color":"d73a4a","default":true,"description":"Something isn't working"},{"id":2443989993,"node_id":"MDU6TGFiZWwyNDQzOTg5OTkz","url":"https://api.github.com/repos/franciscounisalcps/robotframeworkcourse/labels/documentation","name":"documentation","color":"0075ca","default":true,"description":"Improvements or additions to documentation"}],"state":"open","locked":false,"assignee":null,"assignees":[],"milestone":null,"comments":0,"created_at":"2020-10-28T22:25:03Z","updated_at":"2020-10-28T22:25:03Z","closed_at":null,"author_association":"OWNER","active_lock_reason":null,"body":"defect3","performed_via_github_app":null},{"url":"https://api.github.com/repos/franciscounisalcps/robotframeworkcourse/issues/2","repository_url":"https://api.github.com/repos/franciscounisalcps/robotframeworkcourse","labels_url":"https://api.github.com/repos/franciscounisalcps/robotframeworkcourse/issues/2/labels{/name}","comments_url":"https://api.github.com/repos/franciscounisalcps/robotframeworkcourse/issues/2/comments","events_url":"https://api.github.com/repos/franciscounisalcps/robotframeworkcourse/issues/2/events","html_url":"https://github.com/franciscounisalcps/robotframeworkcourse/issues/2","id":726955013,"node_id":"MDU6SXNzdWU3MjY5NTUwMTM=","number":2,"title":"defect2","user":{"login":"franciscounisalcps","id":73240915,"node_id":"MDQ6VXNlcjczMjQwOTE1","avatar_url":"https://avatars1.githubusercontent.com/u/73240915?v=4","gravatar_id":"","url":"https://api.github.com/users/franciscounisalcps","html_url":"https://github.com/franciscounisalcps","followers_url":"https://api.github.com/users/franciscounisalcps/followers","following_url":"https://api.github.com/users/franciscounisalcps/following{/other_user}","gists_url":"https://api.github.com/users/franciscounisalcps/gists{/gist_id}","starred_url":"https://api.github.com/users/franciscounisalcps/starred{/owner}{/repo}","subscriptions_url":"https://api.github.com/users/franciscounisalcps/subscriptions","organizations_url":"https://api.github.com/users/franciscounisalcps/orgs","repos_url":"https://api.github.com/users/franciscounisalcps/repos","events_url":"https://api.github.com/users/franciscounisalcps/events{/privacy}","received_events_url":"https://api.github.com/users/franciscounisalcps/received_events","type":"User","site_admin":false},"labels":[{"id":2443989992,"node_id":"MDU6TGFiZWwyNDQzOTg5OTky","url":"https://api.github.com/repos/franciscounisalcps/robotframeworkcourse/labels/bug","name":"bug","color":"d73a4a","default":true,"description":"Something isn't working"}],"state":"open","locked":false,"assignee":null,"assignees":[],"milestone":null,"comments":0,"created_at":"2020-10-22T00:39:06Z","updated_at":"2020-10-22T00:39:06Z","closed_at":null,"author_association":"OWNER","active_lock_reason":null,"body":"defect2 desc","performed_via_github_app":null},{"url":"https://api.github.com/repos/franciscounisalcps/robotframeworkcourse/issues/1","repository_url":"https://api.github.com/repos/franciscounisalcps/robotframeworkcourse","labels_url":"https://api.github.com/repos/franciscounisalcps/robotframeworkcourse/issues/1/labels{/name}","comments_url":"https://api.github.com/repos/franciscounisalcps/robotframeworkcourse/issues/1/comments","events_url":"https://api.github.com/repos/franciscounisalcps/robotframeworkcourse/issues/1/events","html_url":"https://github.com/franciscounisalcps/robotframeworkcourse/issues/1","id":726831989,"node_id":"MDU6SXNzdWU3MjY4MzE5ODk=","number":1,"title":"defect1","user":{"login":"franciscounisalcps","id":73240915,"node_id":"MDQ6VXNlcjczMjQwOTE1","avatar_url":"https://avatars1.githubusercontent.com/u/73240915?v=4","gravatar_id":"","url":"https://api.github.com/users/franciscounisalcps","html_url":"https://github.com/franciscounisalcps","followers_url":"https://api.github.com/users/franciscounisalcps/followers","following_url":"https://api.github.com/users/franciscounisalcps/following{/other_user}","gists_url":"https://api.github.com/users/franciscounisalcps/gists{/gist_id}","starred_url":"https://api.github.com/users/franciscounisalcps/starred{/owner}{/repo}","subscriptions_url":"https://api.github.com/users/franciscounisalcps/subscriptions","organizations_url":"https://api.github.com/users/franciscounisalcps/orgs","repos_url":"https://api.github.com/users/franciscounisalcps/repos","events_url":"https://api.github.com/users/franciscounisalcps/events{/privacy}","received_events_url":"https://api.github.com/users/franciscounisalcps/received_events","type":"User","site_admin":false},"labels":[{"id":2443989992,"node_id":"MDU6TGFiZWwyNDQzOTg5OTky","url":"https://api.github.com/repos/franciscounisalcps/robotframeworkcourse/labels/bug","name":"bug","color":"d73a4a","default":true,"description":"Something isn't working"}],"state":"open","locked":false,"assignee":null,"assignees":[],"milestone":null,"comments":0,"created_at":"2020-10-21T20:14:33Z","updated_at":"2020-10-21T20:14:33Z","closed_at":null,"author_association":"OWNER","active_lock_reason":null,"body":"connection refused","performed_via_github_app":null}] </msg>
<msg timestamp="20201028 22:04:21.081" level="INFO">To JSON using : pretty_print=False </msg>
<msg timestamp="20201028 22:04:21.082" level="INFO">${ISSUES} = [{'url': 'https://api.github.com/repos/franciscounisalcps/robotframeworkcourse/issues/4', 'repository_url': 'https://api.github.com/repos/franciscounisalcps/robotframeworkcourse', 'labels_url': 'https...</msg>
<status status="PASS" starttime="20201028 22:04:21.080" endtime="20201028 22:04:21.082"></status>
</kw>
<kw name="${item}​​ IN [ @{ISSUES}​​ ]" type="for">
<msg timestamp="20201028 22:04:21.082" level="FAIL">Invalid FOR loop variable '${item}​​'.</msg>
<status status="FAIL" starttime="20201028 22:04:21.082" endtime="20201028 22:04:21.082"></status>
</kw>
<status status="FAIL" starttime="20201028 22:04:19.520" endtime="20201028 22:04:21.082"></status>
</kw>
<status status="FAIL" starttime="20201028 22:04:19.511" endtime="20201028 22:04:21.082" critical="yes">Invalid FOR loop variable '${item}​​'.</status>
</test>
<doc>Exemplos da própria Library: https://github.com/bulkan/robotframework-requests/blob/master/tests/testcase.robot
Doc da API do GitHub: https://developer.github.com/v3/</doc>
<status status="FAIL" starttime="20201028 22:04:19.302" endtime="20201028 22:04:21.083"></status>
</suite>
<statistics>
<total>
<stat pass="0" fail="1">Critical Tests</stat>
<stat pass="0" fail="1">All Tests</stat>
</total>
<tag>
</tag>
<suite>
<stat pass="0" fail="1" id="s1" name="Headers Params Auth">Headers Params Auth</stat>
</suite>
</statistics>
<errors>
<msg timestamp="20201028 22:04:19.507" level="ERROR">Error in file '/Users/fcarlossbr.ibm.com/PycharmProjects/UNISAL/APIadvanced/headers_params_auth.robot': Importing test library 'HttpLibrary.HTTP' failed: SyntaxError: invalid syntax (__init__.py, line 16)
Traceback (most recent call last):
  None
PYTHONPATH:
  /Library/Frameworks/Python.framework/Versions/3.8/bin
  /Library/Frameworks/Python.framework/Versions/3.8/lib/python38.zip
  /Library/Frameworks/Python.framework/Versions/3.8/lib/python3.8
  /Library/Frameworks/Python.framework/Versions/3.8/lib/python3.8/lib-dynload
  /Library/Frameworks/Python.framework/Versions/3.8/lib/python3.8/site-packages</msg>
</errors>
</robot>
