<?xml version="1.0" encoding="UTF-8"?>
<robot generator="Robot 3.1.2 (Python 3.8.1 on darwin)" generated="20201021 21:54:02.510" rpa="false">
<suite id="s1" name="Headers Params Auth" source="/Users/fcarlossbr.ibm.com/PycharmProjects/UNISAL/APIadvanced/headers_params_auth.robot">
<test id="s1-t1" name="Fazendo autenticacao basica">
<kw name="Conectar com autenticação básica na API do GitHub">
<kw name="Create List" library="BuiltIn">
<doc>Returns a list containing given items.</doc>
<arguments>
<arg>${MY_GITHUB_USER}</arg>
<arg>${MY_GITHUB_PASS}</arg>
</arguments>
<assign>
<var>${AUTH}</var>
</assign>
<msg timestamp="20201021 21:54:03.027" level="INFO">${AUTH} = ['franciscounisalcps', 'Test@123unisal']</msg>
<status status="PASS" starttime="20201021 21:54:03.026" endtime="20201021 21:54:03.027"></status>
</kw>
<kw name="Create Session" library="RequestsLibrary">
<doc>Create Session: create a HTTP session to a server</doc>
<arguments>
<arg>alias=mygithubAuth</arg>
<arg>url=${GITHUB_HOST}</arg>
<arg>auth=${AUTH}</arg>
<arg>disable_warnings=True</arg>
</arguments>
<msg timestamp="20201021 21:54:03.027" level="INFO">Creating Session using : alias=mygithubAuth, url=https://api.github.com, headers={},                     cookies={}, auth=&lt;requests.auth.HTTPBasicAuth object at 0x7fc4c4f18040&gt;, timeout=None, proxies=None, verify=False,                     debug=0 </msg>
<status status="PASS" starttime="20201021 21:54:03.027" endtime="20201021 21:54:03.028"></status>
</kw>
<status status="PASS" starttime="20201021 21:54:03.025" endtime="20201021 21:54:03.028"></status>
</kw>
<kw name="Solicitar os dados do meu usuário">
<kw name="Get Request" library="RequestsLibrary">
<doc>Send a GET request on the session object found using the
given `alias`</doc>
<arguments>
<arg>alias=mygithubAuth</arg>
<arg>uri=/user</arg>
</arguments>
<assign>
<var>${MY_USER_DATA}</var>
</assign>
<msg timestamp="20201021 21:54:03.030" level="INFO">GET Request using : uri=/user, params=None, allow_redirects=True, timeout=None
headers={'User-Agent': 'python-requests/2.22.0', 'Accept-Encoding': 'gzip, deflate', 'Accept': '*/*', 'Connection': 'keep-alive'} 
data=None 
json=None</msg>
<msg timestamp="20201021 21:54:09.616" level="INFO">${MY_USER_DATA} = &lt;Response [200]&gt;</msg>
<status status="PASS" starttime="20201021 21:54:03.029" endtime="20201021 21:54:09.616"></status>
</kw>
<kw name="Log" library="BuiltIn">
<doc>Logs the given message with the given level.</doc>
<arguments>
<arg>Meus dados: ${MY_USER_DATA.json()}</arg>
</arguments>
<msg timestamp="20201021 21:54:09.617" level="INFO">Meus dados: {'login': 'franciscounisalcps', 'id': 73240915, 'node_id': 'MDQ6VXNlcjczMjQwOTE1', 'avatar_url': 'https://avatars1.githubusercontent.com/u/73240915?v=4', 'gravatar_id': '', 'url': 'https://api.github.com/users/franciscounisalcps', 'html_url': 'https://github.com/franciscounisalcps', 'followers_url': 'https://api.github.com/users/franciscounisalcps/followers', 'following_url': 'https://api.github.com/users/franciscounisalcps/following{/other_user}', 'gists_url': 'https://api.github.com/users/franciscounisalcps/gists{/gist_id}', 'starred_url': 'https://api.github.com/users/franciscounisalcps/starred{/owner}{/repo}', 'subscriptions_url': 'https://api.github.com/users/franciscounisalcps/subscriptions', 'organizations_url': 'https://api.github.com/users/franciscounisalcps/orgs', 'repos_url': 'https://api.github.com/users/franciscounisalcps/repos', 'events_url': 'https://api.github.com/users/franciscounisalcps/events{/privacy}', 'received_events_url': 'https://api.github.com/users/franciscounisalcps/received_events', 'type': 'User', 'site_admin': False, 'name': None, 'company': None, 'blog': '', 'location': None, 'email': None, 'hireable': None, 'bio': None, 'twitter_username': None, 'public_repos': 1, 'public_gists': 0, 'followers': 0, 'following': 0, 'created_at': '2020-10-21T14:43:25Z', 'updated_at': '2020-10-22T00:38:04Z', 'private_gists': 0, 'total_private_repos': 0, 'owned_private_repos': 0, 'disk_usage': 0, 'collaborators': 0, 'two_factor_authentication': False, 'plan': {'name': 'free', 'space': 976562499, 'collaborators': 0, 'private_repos': 10000}}</msg>
<status status="PASS" starttime="20201021 21:54:09.617" endtime="20201021 21:54:09.617"></status>
</kw>
<kw name="Confere sucesso na requisição">
<arguments>
<arg>${MY_USER_DATA}</arg>
</arguments>
<kw name="Should Be True" library="BuiltIn">
<doc>Fails if the given condition is not true.</doc>
<arguments>
<arg>'${RESPONSE.status_code}'=='200' or '${RESPONSE.status_code}'=='201'</arg>
<arg>msg=Erro na requisição! Verifique: ${RESPONSE}</arg>
</arguments>
<status status="PASS" starttime="20201021 21:54:09.618" endtime="20201021 21:54:09.618"></status>
</kw>
<status status="PASS" starttime="20201021 21:54:09.617" endtime="20201021 21:54:09.619"></status>
</kw>
<status status="PASS" starttime="20201021 21:54:03.028" endtime="20201021 21:54:09.619"></status>
</kw>
<status status="PASS" starttime="20201021 21:54:03.009" endtime="20201021 21:54:09.619" critical="yes"></status>
</test>
<doc>Exemplos da própria Library: https://github.com/bulkan/robotframework-requests/blob/master/tests/testcase.robot
Doc da API do GitHub: https://developer.github.com/v3/</doc>
<status status="PASS" starttime="20201021 21:54:02.514" endtime="20201021 21:54:09.619"></status>
</suite>
<statistics>
<total>
<stat pass="1" fail="0">Critical Tests</stat>
<stat pass="1" fail="0">All Tests</stat>
</total>
<tag>
</tag>
<suite>
<stat pass="1" fail="0" id="s1" name="Headers Params Auth">Headers Params Auth</stat>
</suite>
</statistics>
<errors>
</errors>
</robot>
