<?xml version="1.0" encoding="UTF-8"?>
<robot generator="Robot 3.1.2 (Python 3.8.1 on darwin)" generated="20200923 20:35:49.188" rpa="false">
<suite id="s1" name="ExemploListaDic" source="/Users/fcarlossbr.ibm.com/PycharmProjects/UNISAL/Functions/ExemploListaDic.robot">
<test id="s1-t1" name="Caso de teste de exemplo 01">
<kw name="Uma keyword qualquer 01">
<kw name="Log To Console" library="BuiltIn">
<doc>Logs the given message to the console.</doc>
<arguments>
<arg>${SIMPLES}</arg>
</arguments>
<status status="PASS" starttime="20200923 20:35:49.236" endtime="20200923 20:35:49.236"></status>
</kw>
<kw name="Log" library="BuiltIn">
<doc>Logs the given message with the given level.</doc>
<arguments>
<arg>${SIMPLES}</arg>
</arguments>
<msg timestamp="20200923 20:35:49.237" level="INFO">Vamos ver os tipos de variáveis no robot!</msg>
<status status="PASS" starttime="20200923 20:35:49.237" endtime="20200923 20:35:49.237"></status>
</kw>
<kw name="Log To Console" library="BuiltIn">
<doc>Logs the given message to the console.</doc>
<arguments>
<arg>Essa tem que ser maça: ${FRUTAS[2]} e essa tem que ser morango: ${FRUTAS[0]}</arg>
</arguments>
<status status="PASS" starttime="20200923 20:35:49.237" endtime="20200923 20:35:49.238"></status>
</kw>
<kw name="Log" library="BuiltIn">
<doc>Logs the given message with the given level.</doc>
<arguments>
<arg>Essa tem que ser maça: ${FRUTAS[2]} e essa tem que ser morango: ${FRUTAS[0]}</arg>
</arguments>
<msg timestamp="20200923 20:35:49.238" level="INFO">Essa tem que ser maça: maça e essa tem que ser morango: morango</msg>
<status status="PASS" starttime="20200923 20:35:49.238" endtime="20200923 20:35:49.238"></status>
</kw>
<kw name="Log To Console" library="BuiltIn">
<doc>Logs the given message to the console.</doc>
<arguments>
<arg>Nome: ${PESSOA.nome} e email: ${PESSOA.email}</arg>
</arguments>
<status status="PASS" starttime="20200923 20:35:49.238" endtime="20200923 20:35:49.239"></status>
</kw>
<kw name="Log" library="BuiltIn">
<doc>Logs the given message with the given level.</doc>
<arguments>
<arg>Nome: ${PESSOA.nome} e email: ${PESSOA.email}</arg>
</arguments>
<msg timestamp="20200923 20:35:49.240" level="INFO">Nome: May Fernandes e email: mayfernandes@exemplo.com.br</msg>
<status status="PASS" starttime="20200923 20:35:49.239" endtime="20200923 20:35:49.240"></status>
</kw>
<status status="PASS" starttime="20200923 20:35:49.236" endtime="20200923 20:35:49.240"></status>
</kw>
<status status="PASS" starttime="20200923 20:35:49.235" endtime="20200923 20:35:49.240" critical="yes"></status>
</test>
<doc>Exemplo de tipos de variáveis: SIMPLES, LISTAS e DICIONÁRIOS</doc>
<status status="PASS" starttime="20200923 20:35:49.190" endtime="20200923 20:35:49.241"></status>
</suite>
<statistics>
<total>
<stat pass="1" fail="0">Critical Tests</stat>
<stat pass="1" fail="0">All Tests</stat>
</total>
<tag>
</tag>
<suite>
<stat pass="1" fail="0" id="s1" name="ExemploListaDic">ExemploListaDic</stat>
</suite>
</statistics>
<errors>
</errors>
</robot>
