<?xml version="1.0" encoding="UTF-8"?>
<robot generator="Robot 3.1.2 (Python 3.8.1 on darwin)" generated="20200826 22:13:57.415" rpa="false">
<suite id="s1" name="TestCasesBDDExemplo" source="/Users/fcarlossbr.ibm.com/PycharmProjects/UNISAL/BDD/TestCasesBDDExemplo.robot">
<test id="s1-t1" name="Cenário 01: Pesquisar postagem Season Premiere">
<kw name="Dado que esteja na tela HOME do blog robotizando testes" library="BDDpt-br">
<kw name="Run Keyword" library="BuiltIn">
<doc>Executes the given keyword with the given arguments.</doc>
<arguments>
<arg>${keyword}</arg>
</arguments>
<kw name="Que esteja na tela HOME do blog robotizando testes" library="ResourceBDD">
<kw name="Acessar blog robotizandotestes" library="ResourceBDD">
<kw name="Open Browser" library="SeleniumLibrary">
<doc>Opens a new browser instance to the optional ``url``.</doc>
<arguments>
<arg>${URL}</arg>
<arg>${BROWSER}</arg>
</arguments>
<msg timestamp="20200826 22:13:57.752" level="INFO">Opening browser 'chrome' to base url 'https://robotizandotestes.blogspot.com.br/'.</msg>
<status status="PASS" starttime="20200826 22:13:57.752" endtime="20200826 22:14:05.095"></status>
</kw>
<kw name="Maximize Browser Window" library="SeleniumLibrary">
<doc>Maximizes current browser window.</doc>
<status status="PASS" starttime="20200826 22:14:05.096" endtime="20200826 22:14:05.264"></status>
</kw>
<kw name="Wait Until Element Is Visible" library="SeleniumLibrary">
<doc>Waits until the element ``locator`` is visible.</doc>
<arguments>
<arg>${CABEÇALHO}</arg>
</arguments>
<status status="PASS" starttime="20200826 22:14:05.265" endtime="20200826 22:14:05.314"></status>
</kw>
<kw name="Title Should Be" library="SeleniumLibrary">
<doc>Verifies that the current page title equals ``title``.</doc>
<arguments>
<arg>Robotizando Testes</arg>
</arguments>
<msg timestamp="20200826 22:14:05.330" level="INFO">Page title is 'Robotizando Testes'.</msg>
<status status="PASS" starttime="20200826 22:14:05.314" endtime="20200826 22:14:05.330"></status>
</kw>
<status status="PASS" starttime="20200826 22:13:57.752" endtime="20200826 22:14:05.331"></status>
</kw>
<status status="PASS" starttime="20200826 22:13:57.751" endtime="20200826 22:14:05.331"></status>
</kw>
<status status="PASS" starttime="20200826 22:13:57.751" endtime="20200826 22:14:05.331"></status>
</kw>
<status status="PASS" starttime="20200826 22:13:57.750" endtime="20200826 22:14:05.331"></status>
</kw>
<kw name="Quando pesquisar pela palavra &quot;introdução&quot;" library="BDDpt-br">
<kw name="Run Keyword" library="BuiltIn">
<doc>Executes the given keyword with the given arguments.</doc>
<arguments>
<arg>${keyword}</arg>
</arguments>
<kw name="pesquisar pela palavra &quot;introdução&quot;" library="ResourceBDD">
<kw name="Pesquisar a postagem pela palavra &quot;${BUSCA}&quot;" library="ResourceBDD">
<kw name="Click Element" library="SeleniumLibrary">
<doc>Click the element identified by ``locator``.</doc>
<arguments>
<arg>${BOTAO_LUPA}</arg>
</arguments>
<msg timestamp="20200826 22:14:05.336" level="INFO">Clicking element 'css=.search-expand.touch-icon-button'.</msg>
<status status="PASS" starttime="20200826 22:14:05.335" endtime="20200826 22:14:05.407"></status>
</kw>
<kw name="Input Text" library="SeleniumLibrary">
<doc>Types the given ``text`` into the text field identified by ``locator``.</doc>
<arguments>
<arg>${CAMPO_PESQUISAR}</arg>
<arg>${BUSCA}</arg>
</arguments>
<msg timestamp="20200826 22:14:05.408" level="INFO">Typing text 'introdução' into text field 'css=.search-input&gt;input'.</msg>
<status status="PASS" starttime="20200826 22:14:05.408" endtime="20200826 22:14:05.598"></status>
</kw>
<kw name="Click Element" library="SeleniumLibrary">
<doc>Click the element identified by ``locator``.</doc>
<arguments>
<arg>${BOTAO_PESQUISAR}</arg>
</arguments>
<msg timestamp="20200826 22:14:05.599" level="INFO">Clicking element 'css=.search-action.flat-button'.</msg>
<status status="PASS" starttime="20200826 22:14:05.598" endtime="20200826 22:14:06.643"></status>
</kw>
<kw name="Wait Until Element Is Visible" library="SeleniumLibrary">
<doc>Waits until the element ``locator`` is visible.</doc>
<arguments>
<arg>${LINK_POST}</arg>
</arguments>
<status status="PASS" starttime="20200826 22:14:06.643" endtime="20200826 22:14:06.670"></status>
</kw>
<status status="PASS" starttime="20200826 22:14:05.334" endtime="20200826 22:14:06.670"></status>
</kw>
<status status="PASS" starttime="20200826 22:14:05.333" endtime="20200826 22:14:06.670"></status>
</kw>
<status status="PASS" starttime="20200826 22:14:05.332" endtime="20200826 22:14:06.670"></status>
</kw>
<status status="PASS" starttime="20200826 22:14:05.332" endtime="20200826 22:14:06.671"></status>
</kw>
<kw name="Então a postagem &quot;Season Premiere: Introdução ao Robot Framework&quot; deve ser listada no resultado da pesquisa" library="BDDpt-br">
<kw name="Run Keyword" library="BuiltIn">
<doc>Executes the given keyword with the given arguments.</doc>
<arguments>
<arg>${keyword}</arg>
</arguments>
<kw name="a postagem &quot;Season Premiere: Introdução ao Robot Framework&quot; deve ser listada no resultado da pesquisa" library="ResourceBDD">
<kw name="Verificar resultado da pesquisa" library="ResourceBDD">
<arguments>
<arg>${TITULO_POSTAGEM}</arg>
</arguments>
<kw name="Page Should Contain" library="SeleniumLibrary">
<doc>Verifies that current page contains ``text``.</doc>
<arguments>
<arg>${TITULO_POSTAGEM}</arg>
</arguments>
<msg timestamp="20200826 22:14:06.703" level="INFO">Current page contains text 'Season Premiere: Introdução ao Robot Framework'.</msg>
<status status="PASS" starttime="20200826 22:14:06.673" endtime="20200826 22:14:06.703"></status>
</kw>
<status status="PASS" starttime="20200826 22:14:06.672" endtime="20200826 22:14:06.703"></status>
</kw>
<status status="PASS" starttime="20200826 22:14:06.672" endtime="20200826 22:14:06.703"></status>
</kw>
<status status="PASS" starttime="20200826 22:14:06.671" endtime="20200826 22:14:06.704"></status>
</kw>
<status status="PASS" starttime="20200826 22:14:06.671" endtime="20200826 22:14:06.704"></status>
</kw>
<tags>
<tag>Teste1</tag>
</tags>
<status status="PASS" starttime="20200826 22:13:57.750" endtime="20200826 22:14:06.704" critical="yes"></status>
</test>
<test id="s1-t2" name="Cenário 02: Ler postagem Season Premiere">
<kw name="Dado que esteja na tela de resultado da pesquisa pela postagem &quot;Season Premiere: Introdução ao Robot Framework&quot;" library="BDDpt-br">
<kw name="Run Keyword" library="BuiltIn">
<doc>Executes the given keyword with the given arguments.</doc>
<arguments>
<arg>${keyword}</arg>
</arguments>
<kw name="que esteja na tela de resultado da pesquisa pela postagem &quot;Season Premiere: Introdução ao Robot Framework&quot;" library="ResourceBDD">
<kw name="Verificar resultado da pesquisa" library="ResourceBDD">
<arguments>
<arg>${TITULO_POSTAGEM}</arg>
</arguments>
<kw name="Page Should Contain" library="SeleniumLibrary">
<doc>Verifies that current page contains ``text``.</doc>
<arguments>
<arg>${TITULO_POSTAGEM}</arg>
</arguments>
<msg timestamp="20200826 22:14:06.739" level="INFO">Current page contains text 'Season Premiere: Introdução ao Robot Framework'.</msg>
<status status="PASS" starttime="20200826 22:14:06.716" endtime="20200826 22:14:06.740"></status>
</kw>
<status status="PASS" starttime="20200826 22:14:06.716" endtime="20200826 22:14:06.740"></status>
</kw>
<status status="PASS" starttime="20200826 22:14:06.715" endtime="20200826 22:14:06.740"></status>
</kw>
<status status="PASS" starttime="20200826 22:14:06.715" endtime="20200826 22:14:06.740"></status>
</kw>
<status status="PASS" starttime="20200826 22:14:06.714" endtime="20200826 22:14:06.740"></status>
</kw>
<kw name="Quando clicar no link da postagem" library="BDDpt-br">
<kw name="Run Keyword" library="BuiltIn">
<doc>Executes the given keyword with the given arguments.</doc>
<arguments>
<arg>${keyword}</arg>
</arguments>
<kw name="Clicar no link da postagem" library="ResourceBDD">
<kw name="Clicar no post encontrado" library="ResourceBDD">
<kw name="Click Element" library="SeleniumLibrary">
<doc>Click the element identified by ``locator``.</doc>
<arguments>
<arg>${LINK_POST}</arg>
</arguments>
<msg timestamp="20200826 22:14:06.742" level="INFO">Clicking element 'xpath=.//*[@id='Blog1']/div[1]/article/div/div/h3/a'.</msg>
<status status="PASS" starttime="20200826 22:14:06.742" endtime="20200826 22:14:08.933"></status>
</kw>
<status status="PASS" starttime="20200826 22:14:06.741" endtime="20200826 22:14:08.933"></status>
</kw>
<status status="PASS" starttime="20200826 22:14:06.741" endtime="20200826 22:14:08.933"></status>
</kw>
<status status="PASS" starttime="20200826 22:14:06.741" endtime="20200826 22:14:08.933"></status>
</kw>
<status status="PASS" starttime="20200826 22:14:06.740" endtime="20200826 22:14:08.933"></status>
</kw>
<kw name="Então a tela da postagem &quot;Season Running - Ep. 08: Executando seus testes no Docker&quot; deve ser mostrada" library="BDDpt-br">
<kw name="Run Keyword" library="BuiltIn">
<doc>Executes the given keyword with the given arguments.</doc>
<arguments>
<arg>${keyword}</arg>
</arguments>
<kw name="a tela da postagem &quot;Season Running - Ep. 08: Executando seus testes no Docker&quot; deve ser mostrada" library="ResourceBDD">
<kw name="Verificar tela da postagem" library="ResourceBDD">
<arguments>
<arg>${TITULO_POSTAGEM}</arg>
</arguments>
<kw name="Wait Until Element Is Visible" library="SeleniumLibrary">
<doc>Waits until the element ``locator`` is visible.</doc>
<arguments>
<arg>${TITULO}</arg>
</arguments>
<status status="PASS" starttime="20200826 22:14:08.937" endtime="20200826 22:14:09.018"></status>
</kw>
<kw name="Title Should Be" library="SeleniumLibrary">
<doc>Verifies that the current page title equals ``title``.</doc>
<arguments>
<arg>${TITULO_POSTAGEM}</arg>
</arguments>
<msg timestamp="20200826 22:14:09.025" level="INFO">Page title is 'Season Running - Ep. 08: Executando seus testes no Docker'.</msg>
<status status="PASS" starttime="20200826 22:14:09.018" endtime="20200826 22:14:09.025"></status>
</kw>
<kw name="Capture Page Screenshot" library="SeleniumLibrary">
<doc>Takes a screenshot of the current page and embeds it into a log file.</doc>
<msg timestamp="20200826 22:14:09.608" level="INFO" html="yes">&lt;/td&gt;&lt;/tr&gt;&lt;tr&gt;&lt;td colspan="3"&gt;&lt;a href="selenium-screenshot-15.png"&gt;&lt;img src="selenium-screenshot-15.png" width="800px"&gt;&lt;/a&gt;</msg>
<status status="PASS" starttime="20200826 22:14:09.025" endtime="20200826 22:14:09.609"></status>
</kw>
<status status="PASS" starttime="20200826 22:14:08.936" endtime="20200826 22:14:09.609"></status>
</kw>
<status status="PASS" starttime="20200826 22:14:08.935" endtime="20200826 22:14:09.609"></status>
</kw>
<status status="PASS" starttime="20200826 22:14:08.935" endtime="20200826 22:14:09.609"></status>
</kw>
<status status="PASS" starttime="20200826 22:14:08.934" endtime="20200826 22:14:09.609"></status>
</kw>
<tags>
<tag>Teste2</tag>
</tags>
<status status="PASS" starttime="20200826 22:14:06.713" endtime="20200826 22:14:09.609" critical="yes"></status>
</test>
<kw name="Fechar Navegador" library="ResourceBDD" type="teardown">
<kw name="Close Browser" library="SeleniumLibrary">
<doc>Closes the current browser.</doc>
<status status="PASS" starttime="20200826 22:14:09.611" endtime="20200826 22:14:09.893"></status>
</kw>
<status status="PASS" starttime="20200826 22:14:09.610" endtime="20200826 22:14:09.893"></status>
</kw>
<status status="PASS" starttime="20200826 22:13:57.416" endtime="20200826 22:14:09.893"></status>
</suite>
<statistics>
<total>
<stat pass="2" fail="0">Critical Tests</stat>
<stat pass="2" fail="0">All Tests</stat>
</total>
<tag>
<stat pass="1" fail="0">Teste1</stat>
<stat pass="1" fail="0">Teste2</stat>
</tag>
<suite>
<stat pass="2" fail="0" id="s1" name="TestCasesBDDExemplo">TestCasesBDDExemplo</stat>
</suite>
</statistics>
<errors>
</errors>
</robot>
