<?xml version="1.0" encoding="UTF-8"?>
<robot generator="Robot 3.1.2 (Python 3.8.1 on darwin)" generated="20201118 20:18:55.115" rpa="false">
<suite id="s1" name="Operating System" source="/Users/fcarlossbr.ibm.com/PycharmProjects/UNISAL/OperatingSystem/operating_system.robot">
<test id="s1-t1" name="Exemplo 04: Excluindo arquivos">
<kw name="Listando arquivos do meu diretório">
<kw name="List Directory" library="OperatingSystem">
<doc>Returns and logs items in a directory, optionally filtered with ``pattern``.</doc>
<arguments>
<arg>./my_files</arg>
</arguments>
<msg timestamp="20201118 20:18:55.177" level="INFO" html="yes">Listing contents of directory '&lt;a href="file:///Users/fcarlossbr.ibm.com/PycharmProjects/UNISAL/OperatingSystem/my_files"&gt;/Users/fcarlossbr.ibm.com/PycharmProjects/UNISAL/OperatingSystem/my_files&lt;/a&gt;'.</msg>
<msg timestamp="20201118 20:18:55.177" level="INFO">5 items:
arquivo_JSON.json
arquivo_JSON_COPIA.json
arquivo_PDF.pdf
arquivo_TEXTO.txt
arquivo_TEXTO_COPIA.txt</msg>
<status status="PASS" starttime="20201118 20:18:55.177" endtime="20201118 20:18:55.178"></status>
</kw>
<status status="PASS" starttime="20201118 20:18:55.176" endtime="20201118 20:18:55.178"></status>
</kw>
<kw name="Excluir arquivo">
<arguments>
<arg>arquivo_TEXTO_COPIA.txt</arg>
</arguments>
<kw name="Remove File" library="OperatingSystem">
<doc>Removes a file with the given path.</doc>
<arguments>
<arg>./my_files/${ARQUIVO}</arg>
</arguments>
<msg timestamp="20201118 20:18:55.179" level="INFO" html="yes">Removed file '&lt;a href="file:///Users/fcarlossbr.ibm.com/PycharmProjects/UNISAL/OperatingSystem/my_files/arquivo_TEXTO_COPIA.txt"&gt;/Users/fcarlossbr.ibm.com/PycharmProjects/UNISAL/OperatingSystem/my_files/arquivo_TEXTO_COPIA.txt&lt;/a&gt;'.</msg>
<status status="PASS" starttime="20201118 20:18:55.178" endtime="20201118 20:18:55.179"></status>
</kw>
<status status="PASS" starttime="20201118 20:18:55.178" endtime="20201118 20:18:55.179"></status>
</kw>
<kw name="Excluir arquivo">
<arguments>
<arg>arquivo_JSON_COPIA.json</arg>
</arguments>
<kw name="Remove File" library="OperatingSystem">
<doc>Removes a file with the given path.</doc>
<arguments>
<arg>./my_files/${ARQUIVO}</arg>
</arguments>
<msg timestamp="20201118 20:18:55.180" level="INFO" html="yes">Removed file '&lt;a href="file:///Users/fcarlossbr.ibm.com/PycharmProjects/UNISAL/OperatingSystem/my_files/arquivo_JSON_COPIA.json"&gt;/Users/fcarlossbr.ibm.com/PycharmProjects/UNISAL/OperatingSystem/my_files/arquivo_JSON_COPIA.json&lt;/a&gt;'.</msg>
<status status="PASS" starttime="20201118 20:18:55.180" endtime="20201118 20:18:55.180"></status>
</kw>
<status status="PASS" starttime="20201118 20:18:55.179" endtime="20201118 20:18:55.181"></status>
</kw>
<kw name="Listando arquivos do meu diretório">
<kw name="List Directory" library="OperatingSystem">
<doc>Returns and logs items in a directory, optionally filtered with ``pattern``.</doc>
<arguments>
<arg>./my_files</arg>
</arguments>
<msg timestamp="20201118 20:18:55.181" level="INFO" html="yes">Listing contents of directory '&lt;a href="file:///Users/fcarlossbr.ibm.com/PycharmProjects/UNISAL/OperatingSystem/my_files"&gt;/Users/fcarlossbr.ibm.com/PycharmProjects/UNISAL/OperatingSystem/my_files&lt;/a&gt;'.</msg>
<msg timestamp="20201118 20:18:55.181" level="INFO">3 items:
arquivo_JSON.json
arquivo_PDF.pdf
arquivo_TEXTO.txt</msg>
<status status="PASS" starttime="20201118 20:18:55.181" endtime="20201118 20:18:55.182"></status>
</kw>
<status status="PASS" starttime="20201118 20:18:55.181" endtime="20201118 20:18:55.182"></status>
</kw>
<status status="PASS" starttime="20201118 20:18:55.176" endtime="20201118 20:18:55.182" critical="yes"></status>
</test>
<doc>http://robotframework.org/robotframework/latest/libraries/OperatingSystem.html</doc>
<status status="PASS" starttime="20201118 20:18:55.118" endtime="20201118 20:18:55.182"></status>
</suite>
<statistics>
<total>
<stat pass="1" fail="0">Critical Tests</stat>
<stat pass="1" fail="0">All Tests</stat>
</total>
<tag>
</tag>
<suite>
<stat pass="1" fail="0" id="s1" name="Operating System">Operating System</stat>
</suite>
</statistics>
<errors>
</errors>
</robot>
