<?xml version="1.0" encoding="UTF-8"?>
<robot generator="Robot 3.1.2 (Python 3.8.1 on darwin)" generated="20201111 20:03:34.480" rpa="false">
<suite id="s1" name="testeAppium" source="/Users/fcarlossbr.ibm.com/PycharmProjects/UNISAL/Appium/testeAppium.robot">
<test id="s1-t1" name="Teste Soma">
<kw name="Open Application" library="AppiumLibrary">
<doc>Opens a new application to given Appium server.
Capabilities of appium server, Android and iOS,
Please check https://github.com/appium/appium/blob/master/docs/en/writing-running-appium/server-args.md
| *Option*            | *Man.* | *Description*     |
| remote_url          | Yes    | Appium server url |
| alias               | no     | alias             |</doc>
<arguments>
<arg>http://localhost:4723/wd/hub</arg>
<arg>platformName=Android</arg>
<arg>platformVersion=8.0</arg>
<arg>deviceName=192.168.56.102:5555</arg>
<arg>appPackage=com.android.calculator2</arg>
<arg>appActivity=com.android.calculator2.Calculator</arg>
</arguments>
<status status="PASS" starttime="20201111 20:03:35.329" endtime="20201111 20:03:49.729"></status>
</kw>
<kw name="Click Element" library="AppiumLibrary">
<doc>Click element identified by `locator`.</doc>
<arguments>
<arg>com.android.calculator2:id/digit_8</arg>
</arguments>
<msg timestamp="20201111 20:03:49.734" level="INFO">Clicking element 'com.android.calculator2:id/digit_8'.</msg>
<status status="PASS" starttime="20201111 20:03:49.731" endtime="20201111 20:03:51.271"></status>
</kw>
<kw name="Click Element" library="AppiumLibrary">
<doc>Click element identified by `locator`.</doc>
<arguments>
<arg>com.android.calculator2:id/op_add</arg>
</arguments>
<msg timestamp="20201111 20:03:51.273" level="INFO">Clicking element 'com.android.calculator2:id/op_add'.</msg>
<status status="PASS" starttime="20201111 20:03:51.271" endtime="20201111 20:03:52.470"></status>
</kw>
<kw name="Click Element" library="AppiumLibrary">
<doc>Click element identified by `locator`.</doc>
<arguments>
<arg>com.android.calculator2:id/digit_5</arg>
</arguments>
<msg timestamp="20201111 20:03:52.483" level="INFO">Clicking element 'com.android.calculator2:id/digit_5'.</msg>
<status status="PASS" starttime="20201111 20:03:52.471" endtime="20201111 20:03:53.421"></status>
</kw>
<kw name="Click Element" library="AppiumLibrary">
<doc>Click element identified by `locator`.</doc>
<arguments>
<arg>com.android.calculator2:id/eq</arg>
</arguments>
<msg timestamp="20201111 20:03:53.423" level="INFO">Clicking element 'com.android.calculator2:id/eq'.</msg>
<status status="PASS" starttime="20201111 20:03:53.421" endtime="20201111 20:03:54.267"></status>
</kw>
<kw name="Capture Page Screenshot" library="AppiumLibrary">
<doc>Takes a screenshot of the current page and embeds it into the log.</doc>
<msg timestamp="20201111 20:03:56.093" level="INFO" html="yes">&lt;/td&gt;&lt;/tr&gt;&lt;tr&gt;&lt;td colspan="3"&gt;&lt;a href="appium-screenshot-1.png"&gt;&lt;img src="appium-screenshot-1.png" width="800px"&gt;&lt;/a&gt;</msg>
<status status="PASS" starttime="20201111 20:03:54.268" endtime="20201111 20:03:56.093"></status>
</kw>
<kw name="Close Application" library="AppiumLibrary">
<doc>Closes the current application and also close webdriver session.</doc>
<status status="PASS" starttime="20201111 20:03:56.094" endtime="20201111 20:03:56.978"></status>
</kw>
<status status="PASS" starttime="20201111 20:03:35.328" endtime="20201111 20:03:56.978" critical="yes"></status>
</test>
<status status="PASS" starttime="20201111 20:03:34.484" endtime="20201111 20:03:56.981"></status>
</suite>
<statistics>
<total>
<stat pass="1" fail="0">Critical Tests</stat>
<stat pass="1" fail="0">All Tests</stat>
</total>
<tag>
</tag>
<suite>
<stat pass="1" fail="0" id="s1" name="testeAppium">testeAppium</stat>
</suite>
</statistics>
<errors>
</errors>
</robot>
