<?xml version="1.0" encoding="UTF-8"?>
<robot generator="Robot 3.1.2 (Python 3.8.1 on darwin)" generated="20201118 19:51:40.612" rpa="false">
<suite id="s1" name="Process" source="/Users/fcarlossbr.ibm.com/PycharmProjects/UNISAL/Process/process.robot">
<test id="s1-t1" name="Exemplo 03: Execute comandos de prompt">
<kw name="Executando comandos diversos de prompt">
<kw name="Run Process" library="Process">
<doc>Runs a process and waits for it to complete.</doc>
<arguments>
<arg>mkdir robot_teste</arg>
<arg>cwd=/Users/fcarlossbr.ibm.com/PycharmProjects/UNISAL/Process</arg>
<arg>shell=True</arg>
</arguments>
<msg timestamp="20201118 19:51:40.668" level="INFO">Starting process:
mkdir robot_teste</msg>
<msg timestamp="20201118 19:51:40.674" level="INFO">Waiting for process to complete.</msg>
<msg timestamp="20201118 19:51:40.691" level="INFO">Process completed.</msg>
<status status="PASS" starttime="20201118 19:51:40.668" endtime="20201118 19:51:40.691"></status>
</kw>
<status status="PASS" starttime="20201118 19:51:40.668" endtime="20201118 19:51:40.691"></status>
</kw>
<status status="PASS" starttime="20201118 19:51:40.668" endtime="20201118 19:51:40.692" critical="yes"></status>
</test>
<doc>http://robotframework.org/robotframework/latest/libraries/Process.html</doc>
<status status="PASS" starttime="20201118 19:51:40.619" endtime="20201118 19:51:40.692"></status>
</suite>
<statistics>
<total>
<stat pass="1" fail="0">Critical Tests</stat>
<stat pass="1" fail="0">All Tests</stat>
</total>
<tag>
</tag>
<suite>
<stat pass="1" fail="0" id="s1" name="Process">Process</stat>
</suite>
</statistics>
<errors>
</errors>
</robot>
